<?xml version="1.0" encoding="UTF-8"?>
<testng-results ignored="0" total="1" passed="1" failed="0" skipped="0">
  <reporter-output>
  </reporter-output>
  <suite started-at="2024-02-03T21:11:44 IST" name="Default suite" finished-at="2024-02-03T21:11:45 IST" duration-ms="1087">
    <groups>
    </groups>
    <test started-at="2024-02-03T21:11:44 IST" name="Default test" finished-at="2024-02-03T21:11:45 IST" duration-ms="1087">
      <class name="Framework.ExcelDriven.JsonUsingHashmap">
        <test-method signature="addBook()[pri:0, instance:Framework.ExcelDriven.JsonUsingHashmap@5b03b9fe]" started-at="2024-02-03T21:11:44 IST" name="addBook" finished-at="2024-02-03T21:11:45 IST" duration-ms="1070" status="PASS">
          <reporter-output>
          </reporter-output>
        </test-method> <!-- addBook -->
      </class> <!-- Framework.ExcelDriven.JsonUsingHashmap -->
    </test> <!-- Default test -->
  </suite> <!-- Default suite -->
</testng-results>
