<?xml version="1.0" encoding="UTF-8"?>
<testng-results ignored="0" total="1" passed="1" failed="0" skipped="0">
  <reporter-output>
  </reporter-output>
  <suite started-at="2024-01-26T14:00:25 IST" name="Default suite" finished-at="2024-01-26T14:00:25 IST" duration-ms="463">
    <groups>
    </groups>
    <test started-at="2024-01-26T14:00:25 IST" name="Default test" finished-at="2024-01-26T14:00:25 IST" duration-ms="463">
      <class name="api_responses_validation.SumValidation">
        <test-method signature="sumOfCourses()[pri:0, instance:api_responses_validation.SumValidation@1ed1993a]" started-at="2024-01-26T14:00:25 IST" name="sumOfCourses" finished-at="2024-01-26T14:00:25 IST" duration-ms="449" status="PASS">
          <reporter-output>
          </reporter-output>
        </test-method> <!-- sumOfCourses -->
      </class> <!-- api_responses_validation.SumValidation -->
    </test> <!-- Default test -->
  </suite> <!-- Default suite -->
</testng-results>
